
> onírico-sur---sistema-de-gestión-teatral@0.0.0 dev
> vite --host


  VITE v6.3.5  ready in 618 ms

  ➜  Local:   http://localhost:5173/
  ➜  Network: http://69.62.95.248:5173/
12:07:18 AM [vite] (client) page reload App.tsx
12:07:18 AM [vite] (client) page reload components/Sidebar.tsx
12:07:18 AM [vite] (client) page reload pages/snackbar/SnackBarPOSPage.tsx
12:07:18 AM [vite] (client) page reload services/api.ts
12:07:18 AM [vite] (client) page reload types.ts
12:24:52 AM [vite] (client) page reload index.html
8:28:32 PM [vite] (client) page reload components/ProductForm.tsx
8:28:32 PM [vite] (client) page reload components/ProductForm.tsx
8:28:36 PM [vite] (client) page reload components/ProductForm.tsx

> onírico-sur---sistema-de-gestión-teatral@0.0.0 dev
> vite --host


  VITE v6.3.5  ready in 355 ms

  ➜  Local:   http://localhost:5173/
  ➜  Network: http://69.62.95.248:5173/
  ➜  Network: http://172.19.0.1:5173/
10:40:20 PM [vite] (client) ✨ new dependencies optimized: react/jsx-dev-runtime
10:40:20 PM [vite] (client) ✨ optimized dependencies changed. reloading
11:14:59 PM [vite] (client) page reload index.html
1:42:44 PM [vite] (client) page reload App.tsx
1:42:44 PM [vite] (client) page reload components/Sidebar.tsx
1:42:44 PM [vite] (client) page reload pages/snackbar/SnackBarPOSPage.tsx
1:42:44 PM [vite] (client) page reload pages/snackbar/TableNumberModal.tsx
1:42:44 PM [vite] (client) page reload types.ts
1:42:44 PM [vite] (client) page reload pages/snackbar/ComboBuilderPage.tsx
2:38:50 PM [vite] (client) page reload pages/snackbar/ComboModal.tsx
2:38:50 PM [vite] (client) page reload pages/snackbar/SnackBarPOSPage.tsx
2:38:50 PM [vite] (client) page reload services/api.ts
2:38:50 PM [vite] (client) page reload types.ts

> onírico-sur---sistema-de-gestión-teatral@0.0.0 dev
> vite --host

Port 5173 is in use, trying another one...

  VITE v6.3.5  ready in 673 ms

  ➜  Local:   http://localhost:5174/
  ➜  Network: http://69.62.95.248:5174/
  ➜  Network: http://172.19.0.1:5174/
2:56:08 PM [vite] changed tsconfig file detected: /root/gestionteatro/backend/tsconfig.json - Clearing cache and forcing full-reload to ensure TypeScript is compiled with updated config values.
2:56:08 PM [vite] changed tsconfig file detected: /root/gestionteatro/backend/tsconfig.json - Clearing cache and forcing full-reload to ensure TypeScript is compiled with updated config values.
